\BOOKMARK [1][-]{section.1}{Introduction}{}% 1
\BOOKMARK [1][-]{section.2}{Related Work}{}% 2
\BOOKMARK [2][-]{subsection.2.1}{Financial Forecasting}{section.2}% 3
\BOOKMARK [2][-]{subsection.2.2}{Multi-agent Systems}{section.2}% 4
\BOOKMARK [2][-]{subsection.2.3}{Genetic Algorithms}{section.2}% 5
\BOOKMARK [2][-]{subsection.2.4}{Genetic Programming}{section.2}% 6
\BOOKMARK [2][-]{subsection.2.5}{Fuzzy Prediction}{section.2}% 7
\BOOKMARK [2][-]{subsection.2.6}{Decision Support Systems}{section.2}% 8
\BOOKMARK [1][-]{section.3}{Proposed Method}{}% 9
\BOOKMARK [2][-]{subsection.3.1}{Decision Support System}{section.3}% 10
\BOOKMARK [2][-]{subsection.3.2}{Communities of Agents}{section.3}% 11
\BOOKMARK [2][-]{subsection.3.3}{Fuzzy Inference Systems}{section.3}% 12
\BOOKMARK [3][-]{subsubsection.3.3.1}{Genetic Programming}{subsection.3.3}% 13
\BOOKMARK [2][-]{subsection.3.4}{Dynamic Adaptation of the Replace Chance}{section.3}% 14
\BOOKMARK [1][-]{section.4}{Experiments and Results}{}% 15
\BOOKMARK [2][-]{subsection.4.1}{Dataset}{section.4}% 16
\BOOKMARK [2][-]{subsection.4.2}{Dynamic Adaptation of the Replace Chance}{section.4}% 17
\BOOKMARK [2][-]{subsection.4.3}{Stock Selection}{section.4}% 18
\BOOKMARK [3][-]{subsubsection.4.3.1}{Comparison against Brown, et al. results}{subsection.4.3}% 19
\BOOKMARK [3][-]{subsubsection.4.3.2}{Extended Experiments - Constant Configuration, Increasing Generations}{subsection.4.3}% 20
\BOOKMARK [3][-]{subsubsection.4.3.3}{Extended Experiments - Variable Configurations}{subsection.4.3}% 21
\BOOKMARK [3][-]{subsubsection.4.3.4}{Extended Experiments - Variable Configurations, Predicion of Single Stocks}{subsection.4.3}% 22
\BOOKMARK [3][-]{subsubsection.4.3.5}{Extended Experiments - Directional Strength Prediction}{subsection.4.3}% 23
\BOOKMARK [1][-]{section.5}{Conclusions}{}% 24
\BOOKMARK [1][-]{section*.30}{References}{}% 25
